[0.027s] Invoking command in '/root/overlay_ws/src/build/hello_moveit_ur': CMAKE_PREFIX_PATH=${CMAKE_PREFIX_PATH}:/root/underlay_ws/install/moveit_configs_utils:/root/underlay_ws/install/launch_param_builder:/opt/ros/humble /usr/bin/cmake --build /root/overlay_ws/src/build/hello_moveit_ur -- -j8 -l8
[0.129s] [35m[1mConsolidate compiler generated dependencies of target hello_moveit_ur[0m
[0.171s] [ 50%] [32mBuilding CXX object CMakeFiles/hello_moveit_ur.dir/src/hello_moveit_ur.cpp.o[0m
[7.008s] [01m[K/root/overlay_ws/src/hello_moveit_ur/src/hello_moveit_ur.cpp:[m[K In function â€˜[01m[Kint main(int, char**)[m[Kâ€™:
[7.008s] [01m[K/root/overlay_ws/src/hello_moveit_ur/src/hello_moveit_ur.cpp:42:31:[m[K [01;31m[Kerror: [m[Kno matching function for call to â€˜[01m[Kmoveit::planning_interface::MoveGroupInterface::execute(std::tuple_element<1, const std::pair<bool, moveit::planning_interface::MoveGroupInterface::Plan> >::type&, bool)[m[Kâ€™
[7.008s]    42 |   [01;31m[Kmove_group_interface.execute(plan, true)[m[K;
[7.008s]       |   [01;31m[K~~~~~~~~~~~~~~~~~~~~~~~~~~~~^~~~~~~~~~~~[m[K
[7.009s] In file included from [01m[K/root/overlay_ws/src/hello_moveit_ur/src/hello_moveit_ur.cpp:4[m[K:
[7.009s] [01m[K/root/underlay_ws/install/moveit_ros_planning_interface/include/moveit/move_group_interface/move_group_interface.h:729:33:[m[K [01;36m[Knote: [m[Kcandidate: â€˜[01m[Kmoveit::core::MoveItErrorCode moveit::planning_interface::MoveGroupInterface::execute(const moveit::planning_interface::MoveGroupInterface::Plan&)[m[Kâ€™
[7.009s]   729 |   moveit::core::MoveItErrorCode [01;36m[Kexecute[m[K(const Plan& plan);
[7.009s]       |                                 [01;36m[K^~~~~~~[m[K
[7.009s] [01m[K/root/underlay_ws/install/moveit_ros_planning_interface/include/moveit/move_group_interface/move_group_interface.h:729:33:[m[K [01;36m[Knote: [m[K  candidate expects 1 argument, 2 provided
[7.009s] [01m[K/root/underlay_ws/install/moveit_ros_planning_interface/include/moveit/move_group_interface/move_group_interface.h:732:33:[m[K [01;36m[Knote: [m[Kcandidate: â€˜[01m[Kmoveit::core::MoveItErrorCode moveit::planning_interface::MoveGroupInterface::execute(const RobotTrajectory&)[m[Kâ€™
[7.009s]   732 |   moveit::core::MoveItErrorCode [01;36m[Kexecute[m[K(const moveit_msgs::msg::RobotTrajectory& trajectory);
[7.009s]       |                                 [01;36m[K^~~~~~~[m[K
[7.009s] [01m[K/root/underlay_ws/install/moveit_ros_planning_interface/include/moveit/move_group_interface/move_group_interface.h:732:33:[m[K [01;36m[Knote: [m[K  candidate expects 1 argument, 2 provided
[10.533s] gmake[2]: *** [CMakeFiles/hello_moveit_ur.dir/build.make:76: CMakeFiles/hello_moveit_ur.dir/src/hello_moveit_ur.cpp.o] Error 1
[10.534s] gmake[1]: *** [CMakeFiles/Makefile2:137: CMakeFiles/hello_moveit_ur.dir/all] Error 2
[10.534s] gmake: *** [Makefile:146: all] Error 2
[10.538s] Invoked command in '/root/overlay_ws/src/build/hello_moveit_ur' returned '2': CMAKE_PREFIX_PATH=${CMAKE_PREFIX_PATH}:/root/underlay_ws/install/moveit_configs_utils:/root/underlay_ws/install/launch_param_builder:/opt/ros/humble /usr/bin/cmake --build /root/overlay_ws/src/build/hello_moveit_ur -- -j8 -l8
