[0.032s] Invoking command in '/root/overlay_ws/src/build/hello_moveit_ur': CMAKE_PREFIX_PATH=${CMAKE_PREFIX_PATH}:/root/underlay_ws/install/moveit_configs_utils:/root/underlay_ws/install/launch_param_builder:/opt/ros/humble /usr/bin/cmake --build /root/overlay_ws/src/build/hello_moveit_ur -- -j8 -l8
[0.145s] [35m[1mConsolidate compiler generated dependencies of target hello_moveit_ur[0m
[0.206s] [ 50%] [32mBuilding CXX object CMakeFiles/hello_moveit_ur.dir/src/hello_moveit_ur.cpp.o[0m
[9.341s] [01m[K/root/overlay_ws/src/hello_moveit_ur/src/hello_moveit_ur.cpp:[m[K In function â€˜[01m[Kint main(int, char**)[m[Kâ€™:
[9.341s] [01m[K/root/overlay_ws/src/hello_moveit_ur/src/hello_moveit_ur.cpp:45:19:[m[K [01;31m[Kerror: [m[Kâ€˜[01m[Krviz_visual_tools[m[Kâ€™ is not a namespace-name
[9.341s]    45 |   namespace rvt = [01;31m[Krviz_visual_tools[m[K;
[9.341s]       |                   [01;31m[K^~~~~~~~~~~~~~~~~[m[K
[9.341s] [01m[K/root/overlay_ws/src/hello_moveit_ur/src/hello_moveit_ur.cpp:46:3:[m[K [01;31m[Kerror: [m[Kâ€˜[01m[Kmoveit_visual_tools[m[Kâ€™ has not been declared
[9.341s]    46 |   [01;31m[Kmoveit_visual_tools[m[K::MoveItVisualTools visual_tools(move_group_node, "base_link", "move_group_tutorial",
[9.342s]       |   [01;31m[K^~~~~~~~~~~~~~~~~~~[m[K
[9.347s] In file included from [01m[K/opt/ros/humble/include/rclcpp/rclcpp/client.hpp:40[m[K,
[9.347s]                  from [01m[K/opt/ros/humble/include/rclcpp/rclcpp/callback_group.hpp:24[m[K,
[9.348s]                  from [01m[K/opt/ros/humble/include/rclcpp/rclcpp/any_executable.hpp:20[m[K,
[9.348s]                  from [01m[K/opt/ros/humble/include/rclcpp/rclcpp/memory_strategy.hpp:25[m[K,
[9.348s]                  from [01m[K/opt/ros/humble/include/rclcpp/rclcpp/memory_strategies.hpp:18[m[K,
[9.348s]                  from [01m[K/opt/ros/humble/include/rclcpp/rclcpp/executor_options.hpp:20[m[K,
[9.348s]                  from [01m[K/opt/ros/humble/include/rclcpp/rclcpp/executor.hpp:37[m[K,
[9.348s]                  from [01m[K/opt/ros/humble/include/rclcpp/rclcpp/executors/multi_threaded_executor.hpp:25[m[K,
[9.348s]                  from [01m[K/opt/ros/humble/include/rclcpp/rclcpp/executors.hpp:21[m[K,
[9.349s]                  from [01m[K/opt/ros/humble/include/rclcpp/rclcpp/rclcpp.hpp:155[m[K,
[9.349s]                  from [01m[K/root/overlay_ws/src/hello_moveit_ur/src/hello_moveit_ur.cpp:3[m[K:
[9.349s] [01m[K/root/overlay_ws/src/hello_moveit_ur/src/hello_moveit_ur.cpp:49:15:[m[K [01;31m[Kerror: [m[Kâ€˜[01m[KLOGGER[m[Kâ€™ was not declared in this scope
[9.349s]    49 |   RCLCPP_INFO([01;31m[KLOGGER[m[K, "Visualizing plan 1 as trajectory line");
[9.349s]       |               [01;31m[K^~~~~~[m[K
[9.349s] [01m[K/root/overlay_ws/src/hello_moveit_ur/src/hello_moveit_ur.cpp:49:3:[m[K [01;31m[Kerror: [m[Ktemplate argument 1 is invalid
[9.349s]    49 |   [01;31m[KRCLCPP_INFO[m[K(LOGGER, "Visualizing plan 1 as trajectory line");
[9.350s]       |   [01;31m[K^~~~~~~~~~~[m[K
[9.350s] [01m[K/root/overlay_ws/src/hello_moveit_ur/src/hello_moveit_ur.cpp:49:3:[m[K [01;31m[Kerror: [m[Kâ€˜[01m[K<declaration error>[m[Kâ€™ is not a template [[01;31m[K-fpermissive[m[K]
[9.350s]    49 |   [01;31m[KRCLCPP_INFO[m[K(LOGGER, "Visualizing plan 1 as trajectory line");
[9.350s]       |   [01;31m[K^~~~~~~~~~~[m[K
[9.350s] [01m[K/root/overlay_ws/src/hello_moveit_ur/src/hello_moveit_ur.cpp:49:3:[m[K [01;31m[Kerror: [m[Ktemplate argument 1 is invalid
[9.350s]    49 |   [01;31m[KRCLCPP_INFO[m[K(LOGGER, "Visualizing plan 1 as trajectory line");
[9.350s]       |   [01;31m[K^~~~~~~~~~~[m[K
[9.350s] [01m[K/root/overlay_ws/src/hello_moveit_ur/src/hello_moveit_ur.cpp:49:3:[m[K [01;31m[Kerror: [m[Kâ€˜[01m[K<declaration error>[m[Kâ€™ is not a template [[01;31m[K-fpermissive[m[K]
[9.351s]    49 |   [01;31m[KRCLCPP_INFO[m[K(LOGGER, "Visualizing plan 1 as trajectory line");
[9.351s]       |   [01;31m[K^~~~~~~~~~~[m[K
[9.351s] [01m[K/root/overlay_ws/src/hello_moveit_ur/src/hello_moveit_ur.cpp:49:3:[m[K [01;31m[Kerror: [m[Ktemplate argument 1 is invalid
[9.351s]    49 |   [01;31m[KRCLCPP_INFO[m[K(LOGGER, "Visualizing plan 1 as trajectory line");
[9.351s]       |   [01;31m[K^~~~~~~~~~~[m[K
[9.359s] [01m[K/root/overlay_ws/src/hello_moveit_ur/src/hello_moveit_ur.cpp:50:3:[m[K [01;31m[Kerror: [m[Kâ€˜[01m[Kvisual_tools[m[Kâ€™ was not declared in this scope
[9.359s]    50 |   [01;31m[Kvisual_tools[m[K.publishAxisLabeled(target_pose1, "pose1");
[9.361s]       |   [01;31m[K^~~~~~~~~~~~[m[K
[9.366s] [01m[K/root/overlay_ws/src/hello_moveit_ur/src/hello_moveit_ur.cpp:50:35:[m[K [01;31m[Kerror: [m[Kâ€˜[01m[Ktarget_pose1[m[Kâ€™ was not declared in this scope; did you mean â€˜[01m[Ktarget_pose[m[Kâ€™?
[9.366s]    50 |   visual_tools.publishAxisLabeled([01;31m[Ktarget_pose1[m[K, "pose1");
[9.367s]       |                                   [01;31m[K^~~~~~~~~~~~[m[K
[9.367s]       |                                   [32m[Ktarget_pose[m[K
[9.374s] [01m[K/root/overlay_ws/src/hello_moveit_ur/src/hello_moveit_ur.cpp:51:28:[m[K [01;31m[Kerror: [m[Kâ€˜[01m[Ktext_pose[m[Kâ€™ was not declared in this scope; did you mean â€˜[01m[Ktarget_pose[m[Kâ€™?
[9.374s]    51 |   visual_tools.publishText([01;31m[Ktext_pose[m[K, "Pose_Goal", rvt::WHITE, rvt::XLARGE);
[9.375s]       |                            [01;31m[K^~~~~~~~~[m[K
[9.375s]       |                            [32m[Ktarget_pose[m[K
[9.375s] [01m[K/root/overlay_ws/src/hello_moveit_ur/src/hello_moveit_ur.cpp:51:52:[m[K [01;31m[Kerror: [m[Kâ€˜[01m[Krvt[m[Kâ€™ has not been declared
[9.375s]    51 |   visual_tools.publishText(text_pose, "Pose_Goal", [01;31m[Krvt[m[K::WHITE, rvt::XLARGE);
[9.375s]       |                                                    [01;31m[K^~~[m[K
[9.375s] [01m[K/root/overlay_ws/src/hello_moveit_ur/src/hello_moveit_ur.cpp:51:64:[m[K [01;31m[Kerror: [m[Kâ€˜[01m[Krvt[m[Kâ€™ has not been declared
[9.375s]    51 |   visual_tools.publishText(text_pose, "Pose_Goal", rvt::WHITE, [01;31m[Krvt[m[K::XLARGE);
[9.376s]       |                                                                [01;31m[K^~~[m[K
[9.383s] [01m[K/root/overlay_ws/src/hello_moveit_ur/src/hello_moveit_ur.cpp:52:38:[m[K [01;31m[Kerror: [m[Kâ€˜[01m[Kmy_plan[m[Kâ€™ was not declared in this scope; did you mean â€˜[01m[Kplan[m[Kâ€™?
[9.383s]    52 |   visual_tools.publishTrajectoryLine([01;31m[Kmy_plan[m[K.trajectory_, joint_model_group);
[9.383s]       |                                      [01;31m[K^~~~~~~[m[K
[9.384s]       |                                      [32m[Kplan[m[K
[9.406s] [01m[K/root/overlay_ws/src/hello_moveit_ur/src/hello_moveit_ur.cpp:52:59:[m[K [01;31m[Kerror: [m[Kâ€˜[01m[Kjoint_model_group[m[Kâ€™ was not declared in this scope
[9.406s]    52 |   visual_tools.publishTrajectoryLine(my_plan.trajectory_, [01;31m[Kjoint_model_group[m[K);
[9.407s]       |                                                           [01;31m[K^~~~~~~~~~~~~~~~~[m[K
[14.272s] gmake[2]: *** [CMakeFiles/hello_moveit_ur.dir/build.make:76: CMakeFiles/hello_moveit_ur.dir/src/hello_moveit_ur.cpp.o] Error 1
[14.272s] gmake[1]: *** [CMakeFiles/Makefile2:137: CMakeFiles/hello_moveit_ur.dir/all] Error 2
[14.273s] gmake: *** [Makefile:146: all] Error 2
[14.277s] Invoked command in '/root/overlay_ws/src/build/hello_moveit_ur' returned '2': CMAKE_PREFIX_PATH=${CMAKE_PREFIX_PATH}:/root/underlay_ws/install/moveit_configs_utils:/root/underlay_ws/install/launch_param_builder:/opt/ros/humble /usr/bin/cmake --build /root/overlay_ws/src/build/hello_moveit_ur -- -j8 -l8
